1/19/2023, 7:16:51 PM - DEBUG - Getting items
1/19/2023, 7:17:32 PM - DEBUG - Getting items
1/19/2023, 7:18:33 PM - DEBUG - Getting items
1/19/2023, 7:24:33 PM - DEBUG - Getting items
1/19/2023, 7:24:38 PM - DEBUG - Getting items
1/19/2023, 7:25:24 PM - DEBUG - Getting items
1/19/2023, 7:25:32 PM - DEBUG - Getting items
1/19/2023, 7:25:58 PM - DEBUG - Getting items
1/19/2023, 7:26:38 PM - DEBUG - Getting items
1/19/2023, 7:27:32 PM - DEBUG - Getting items
1/19/2023, 7:27:41 PM - DEBUG - Getting items
1/19/2023, 7:27:52 PM - DEBUG - Getting items
1/19/2023, 7:29:55 PM - DEBUG - Getting items
1/19/2023, 7:30:08 PM - DEBUG - Getting items
1/19/2023, 7:32:50 PM - DEBUG - Getting items
1/19/2023, 7:33:04 PM - DEBUG - Getting items
1/19/2023, 7:33:14 PM - DEBUG - Getting items
1/19/2023, 7:33:33 PM - DEBUG - Getting items
1/19/2023, 7:34:02 PM - DEBUG - Getting items
1/19/2023, 7:34:07 PM - DEBUG - Getting items
1/19/2023, 7:34:07 PM - DEBUG - Getting items
1/19/2023, 7:34:10 PM - DEBUG - Getting items
1/19/2023, 7:34:10 PM - ERROR - Failed to get items | {}
1/19/2023, 7:34:10 PM - DEBUG - Getting items
1/19/2023, 7:34:10 PM - ERROR - Failed to get items | {}
1/19/2023, 7:34:48 PM - DEBUG - Getting items
1/19/2023, 7:47:54 PM - DEBUG - Getting products
1/19/2023, 7:48:09 PM - DEBUG - Getting products
1/19/2023, 7:48:10 PM - DEBUG - Getting products
1/19/2023, 7:48:17 PM - DEBUG - Getting products
1/19/2023, 7:49:29 PM - DEBUG - Getting products
1/19/2023, 7:49:33 PM - DEBUG - Getting recipes
1/19/2023, 7:49:33 PM - DEBUG - Getting recipes
1/19/2023, 7:49:54 PM - DEBUG - Getting recipes
1/19/2023, 7:49:54 PM - DEBUG - Getting recipes
1/19/2023, 7:49:55 PM - DEBUG - Getting recipes
1/19/2023, 7:49:55 PM - DEBUG - Getting recipes
1/19/2023, 7:50:01 PM - DEBUG - Getting recipes
1/19/2023, 7:50:01 PM - DEBUG - Getting recipes
1/19/2023, 7:50:02 PM - DEBUG - Getting recipes
1/19/2023, 7:50:02 PM - DEBUG - Getting recipes
1/19/2023, 7:50:08 PM - DEBUG - Getting recipes
1/19/2023, 7:50:08 PM - DEBUG - Getting recipes
1/19/2023, 7:50:32 PM - DEBUG - Getting recipes
1/19/2023, 7:50:32 PM - DEBUG - Getting recipes
1/19/2023, 7:50:36 PM - DEBUG - Getting recipes
1/19/2023, 7:50:36 PM - DEBUG - Getting recipes
1/19/2023, 7:50:39 PM - DEBUG - Getting recipes
1/19/2023, 7:50:39 PM - DEBUG - Getting recipes
1/19/2023, 7:51:52 PM - DEBUG - Getting recipes
1/19/2023, 7:51:52 PM - DEBUG - Getting recipes
1/19/2023, 7:52:32 PM - DEBUG - Getting recipes
1/19/2023, 7:52:32 PM - DEBUG - Getting recipes
1/19/2023, 7:53:06 PM - DEBUG - Getting recipes
1/19/2023, 7:53:06 PM - DEBUG - Getting recipes
1/19/2023, 7:53:12 PM - DEBUG - Getting recipes
1/19/2023, 7:53:12 PM - DEBUG - Getting recipes
1/19/2023, 7:53:14 PM - DEBUG - Getting recipes
1/19/2023, 7:53:14 PM - DEBUG - Getting recipes
1/19/2023, 7:53:33 PM - DEBUG - Getting recipes
1/19/2023, 7:53:33 PM - DEBUG - Getting recipes
1/19/2023, 7:53:36 PM - DEBUG - Getting recipes
1/19/2023, 7:53:36 PM - DEBUG - Getting recipes
1/19/2023, 7:53:38 PM - DEBUG - Getting recipes
1/19/2023, 7:53:38 PM - DEBUG - Getting recipes
1/19/2023, 7:53:52 PM - DEBUG - Getting products
1/19/2023, 7:53:54 PM - DEBUG - Getting recipes
1/19/2023, 7:53:54 PM - DEBUG - Getting recipes
1/19/2023, 7:55:46 PM - DEBUG - Getting recipes
1/19/2023, 7:55:46 PM - DEBUG - Getting recipes
1/19/2023, 7:55:48 PM - DEBUG - Getting recipes
1/19/2023, 7:55:48 PM - DEBUG - Getting recipes
1/19/2023, 7:55:54 PM - DEBUG - Getting recipes
1/19/2023, 7:55:54 PM - DEBUG - Getting recipes
1/19/2023, 7:55:59 PM - DEBUG - Getting recipes
1/19/2023, 7:55:59 PM - DEBUG - Getting recipes
1/19/2023, 7:56:02 PM - DEBUG - Getting recipes
1/19/2023, 7:56:02 PM - DEBUG - Getting recipes
1/19/2023, 7:56:09 PM - DEBUG - Getting recipes
1/19/2023, 7:56:09 PM - DEBUG - Getting recipes
1/19/2023, 7:56:13 PM - DEBUG - Getting recipes
1/19/2023, 7:56:13 PM - DEBUG - Getting recipes
1/19/2023, 7:56:22 PM - DEBUG - Getting recipes
1/19/2023, 7:56:22 PM - DEBUG - Getting recipes
1/19/2023, 7:56:27 PM - DEBUG - Getting recipes
1/19/2023, 7:56:27 PM - DEBUG - Getting recipes
1/19/2023, 7:56:30 PM - DEBUG - Getting products
1/19/2023, 7:56:31 PM - DEBUG - Getting recipes
1/19/2023, 7:56:31 PM - DEBUG - Getting recipes
1/19/2023, 7:56:36 PM - DEBUG - Getting recipes
1/19/2023, 7:56:36 PM - DEBUG - Getting recipes
1/19/2023, 7:56:46 PM - DEBUG - Getting recipes
1/19/2023, 7:56:46 PM - DEBUG - Getting recipes
1/19/2023, 7:57:15 PM - DEBUG - Getting recipes
1/19/2023, 7:57:15 PM - DEBUG - Getting recipes
1/19/2023, 7:57:17 PM - DEBUG - Getting recipes
1/19/2023, 7:57:17 PM - DEBUG - Getting recipes
1/19/2023, 7:57:18 PM - DEBUG - Getting recipes
1/19/2023, 7:57:18 PM - DEBUG - Getting recipes
1/19/2023, 7:57:21 PM - DEBUG - Getting recipes
1/19/2023, 7:57:22 PM - DEBUG - Getting recipes
1/19/2023, 7:57:25 PM - DEBUG - Getting recipes
1/19/2023, 7:57:25 PM - DEBUG - Getting recipes
1/19/2023, 7:57:41 PM - DEBUG - Getting recipes
1/19/2023, 7:57:41 PM - DEBUG - Getting recipes
1/19/2023, 7:58:01 PM - DEBUG - Getting recipes
1/19/2023, 7:58:01 PM - DEBUG - Getting recipes
1/19/2023, 7:58:06 PM - DEBUG - Getting recipes
1/19/2023, 7:58:06 PM - DEBUG - Getting recipes
1/19/2023, 7:58:11 PM - DEBUG - Getting recipes
1/19/2023, 7:58:11 PM - DEBUG - Getting recipes
1/19/2023, 7:58:27 PM - DEBUG - Getting recipes
1/19/2023, 7:58:31 PM - DEBUG - Getting products
1/19/2023, 7:58:33 PM - DEBUG - Getting recipes
1/19/2023, 7:58:50 PM - DEBUG - Getting recipes
1/19/2023, 7:59:04 PM - DEBUG - Getting recipes
1/19/2023, 7:59:11 PM - DEBUG - Getting products
1/19/2023, 7:59:33 PM - DEBUG - Getting recipes
1/19/2023, 7:59:48 PM - DEBUG - Getting recipes
1/19/2023, 7:59:54 PM - DEBUG - Getting recipes
1/19/2023, 7:59:58 PM - DEBUG - Getting recipes
1/19/2023, 8:00:02 PM - DEBUG - Getting recipes
1/19/2023, 8:00:11 PM - DEBUG - Getting recipes
1/19/2023, 8:00:13 PM - DEBUG - Getting recipes
1/19/2023, 8:00:14 PM - DEBUG - Getting recipes
1/19/2023, 8:00:20 PM - DEBUG - Getting recipes
1/19/2023, 8:00:24 PM - DEBUG - Getting products
1/19/2023, 8:00:26 PM - DEBUG - Getting recipes
1/19/2023, 8:00:41 PM - DEBUG - Getting recipes
1/19/2023, 8:00:51 PM - DEBUG - Getting recipes
1/19/2023, 8:00:55 PM - DEBUG - Getting recipes
1/19/2023, 8:00:57 PM - DEBUG - Getting products
1/19/2023, 8:00:58 PM - DEBUG - Getting recipes
1/19/2023, 8:01:01 PM - DEBUG - Getting products
1/19/2023, 8:01:02 PM - DEBUG - Getting recipes
1/19/2023, 8:01:29 PM - DEBUG - Getting recipes
1/19/2023, 8:02:25 PM - DEBUG - Getting products
1/19/2023, 8:02:26 PM - DEBUG - Getting recipes
1/19/2023, 8:02:33 PM - DEBUG - Getting recipes
1/19/2023, 8:02:51 PM - DEBUG - Getting recipes
1/19/2023, 8:02:51 PM - DEBUG - Getting recipes
1/19/2023, 8:02:56 PM - DEBUG - Getting recipes
1/19/2023, 8:02:56 PM - DEBUG - Getting recipes
1/19/2023, 8:03:11 PM - DEBUG - Getting recipes
1/19/2023, 8:03:11 PM - DEBUG - Getting recipes
1/19/2023, 8:03:33 PM - DEBUG - Getting recipes
1/19/2023, 8:03:33 PM - DEBUG - Getting recipes
1/19/2023, 8:03:45 PM - DEBUG - Getting recipes
1/19/2023, 8:03:45 PM - DEBUG - Getting recipes
1/19/2023, 8:04:07 PM - DEBUG - Getting recipes
1/19/2023, 8:04:07 PM - DEBUG - Getting recipes
1/19/2023, 8:04:08 PM - DEBUG - Getting recipes
1/19/2023, 8:04:08 PM - DEBUG - Getting recipes
1/19/2023, 8:04:10 PM - DEBUG - Getting recipes
1/19/2023, 8:04:10 PM - DEBUG - Getting recipes
1/19/2023, 8:04:12 PM - DEBUG - Getting recipes
1/19/2023, 8:04:12 PM - DEBUG - Getting recipes
1/19/2023, 8:04:22 PM - DEBUG - Getting products
1/19/2023, 8:04:23 PM - DEBUG - Getting products
1/19/2023, 8:04:25 PM - DEBUG - Getting recipes
1/19/2023, 8:04:25 PM - DEBUG - Getting recipes
1/19/2023, 8:04:59 PM - DEBUG - Getting recipes
1/19/2023, 8:04:59 PM - DEBUG - Getting recipes
1/19/2023, 8:05:02 PM - DEBUG - Getting recipes
1/19/2023, 8:05:02 PM - DEBUG - Getting recipes
1/19/2023, 8:05:04 PM - DEBUG - Getting recipes
1/19/2023, 8:05:04 PM - DEBUG - Getting recipes
1/19/2023, 8:05:10 PM - DEBUG - Getting recipes
1/19/2023, 8:05:10 PM - DEBUG - Getting recipes
1/19/2023, 8:05:17 PM - DEBUG - Getting recipes
1/19/2023, 8:05:17 PM - DEBUG - Getting recipes
1/19/2023, 8:06:11 PM - DEBUG - Getting products
1/19/2023, 8:07:08 PM - DEBUG - Getting recipes
1/19/2023, 8:07:13 PM - DEBUG - Getting recipes
1/19/2023, 8:07:21 PM - DEBUG - Getting recipes
1/19/2023, 8:07:28 PM - DEBUG - Getting recipes
1/19/2023, 8:07:35 PM - DEBUG - Getting recipes
1/19/2023, 8:07:40 PM - DEBUG - Getting recipes
1/19/2023, 8:08:07 PM - DEBUG - Getting recipes
1/19/2023, 8:08:09 PM - DEBUG - Getting products
1/19/2023, 8:08:11 PM - DEBUG - Getting products
1/19/2023, 8:08:12 PM - DEBUG - Getting recipes
1/19/2023, 8:10:34 PM - DEBUG - Getting recipes
1/19/2023, 8:10:45 PM - DEBUG - Getting recipes
1/19/2023, 8:10:48 PM - DEBUG - Getting recipes
1/19/2023, 8:10:58 PM - DEBUG - Getting recipes
1/19/2023, 8:10:59 PM - DEBUG - Getting recipes
1/19/2023, 8:19:14 PM - DEBUG - Getting recipes
1/19/2023, 8:19:18 PM - DEBUG - Getting recipes
1/19/2023, 8:19:25 PM - DEBUG - Getting recipes
1/19/2023, 8:19:42 PM - DEBUG - Getting recipes
1/19/2023, 8:19:44 PM - DEBUG - Getting recipes
1/19/2023, 8:19:45 PM - DEBUG - Getting recipes
1/19/2023, 8:19:47 PM - DEBUG - Getting recipes
1/19/2023, 8:19:48 PM - DEBUG - Getting recipes
1/19/2023, 8:19:49 PM - DEBUG - Getting recipes
1/19/2023, 8:19:49 PM - DEBUG - Getting recipes
1/19/2023, 8:19:54 PM - DEBUG - Getting recipes
1/19/2023, 8:19:55 PM - DEBUG - Getting recipes
1/19/2023, 8:19:56 PM - DEBUG - Getting recipes
1/19/2023, 8:19:57 PM - DEBUG - Getting recipes
1/19/2023, 8:19:58 PM - DEBUG - Getting recipes
1/19/2023, 8:19:58 PM - DEBUG - Getting recipes
1/19/2023, 8:20:00 PM - DEBUG - Getting recipes
1/19/2023, 8:20:00 PM - DEBUG - Getting recipes
1/19/2023, 8:20:02 PM - DEBUG - Getting recipes
1/19/2023, 8:24:07 PM - DEBUG - Getting recipes
1/19/2023, 8:24:09 PM - DEBUG - Getting recipes
1/19/2023, 8:24:10 PM - DEBUG - Getting recipes
1/19/2023, 8:24:10 PM - DEBUG - Getting recipes
1/19/2023, 8:24:57 PM - DEBUG - Getting recipes
1/19/2023, 8:25:08 PM - DEBUG - Getting recipes
1/19/2023, 8:25:08 PM - DEBUG - Getting recipes
1/19/2023, 8:25:12 PM - DEBUG - Getting recipes
1/19/2023, 8:25:13 PM - DEBUG - Getting recipes
1/19/2023, 8:25:15 PM - DEBUG - Getting recipes
1/19/2023, 8:28:14 PM - DEBUG - Getting recipes
1/19/2023, 8:28:16 PM - DEBUG - Getting recipes
1/19/2023, 8:28:53 PM - DEBUG - Getting recipes
1/19/2023, 8:29:00 PM - DEBUG - Getting recipes
1/19/2023, 8:29:02 PM - DEBUG - Getting recipes
1/19/2023, 8:29:48 PM - DEBUG - Getting recipes
1/19/2023, 8:29:52 PM - DEBUG - Getting recipes
1/19/2023, 8:30:15 PM - DEBUG - Getting recipes
1/19/2023, 8:30:17 PM - DEBUG - Getting recipes
1/19/2023, 8:30:33 PM - DEBUG - Getting recipes
1/19/2023, 8:32:28 PM - DEBUG - Getting recipes
1/19/2023, 8:32:33 PM - DEBUG - Getting recipes
1/19/2023, 8:33:38 PM - DEBUG - Getting recipes
1/19/2023, 8:33:40 PM - DEBUG - Getting recipes
1/19/2023, 8:33:40 PM - DEBUG - Getting recipes
1/19/2023, 8:34:49 PM - DEBUG - Getting recipes
1/19/2023, 8:34:50 PM - DEBUG - Getting recipes
1/19/2023, 8:34:51 PM - DEBUG - Getting recipes
1/19/2023, 8:35:00 PM - DEBUG - Getting recipes
1/19/2023, 8:35:36 PM - DEBUG - Getting recipes
1/19/2023, 8:35:36 PM - DEBUG - Getting recipes
1/19/2023, 8:35:42 PM - DEBUG - Getting recipes
1/19/2023, 8:35:43 PM - DEBUG - Getting recipes
1/19/2023, 8:35:44 PM - DEBUG - Getting recipes
1/19/2023, 8:36:02 PM - DEBUG - Getting recipes
1/19/2023, 8:36:21 PM - DEBUG - Getting recipes
1/19/2023, 8:37:34 PM - DEBUG - Getting recipes
1/19/2023, 8:37:36 PM - DEBUG - Getting recipes
1/19/2023, 8:37:39 PM - DEBUG - Getting recipes
1/19/2023, 8:39:05 PM - DEBUG - Getting recipes
1/19/2023, 8:39:07 PM - DEBUG - Getting recipes
1/19/2023, 8:39:08 PM - DEBUG - Getting recipes
1/19/2023, 8:39:18 PM - DEBUG - Getting recipes
1/19/2023, 8:39:20 PM - DEBUG - Getting recipes
1/19/2023, 8:39:21 PM - DEBUG - Getting recipes
1/19/2023, 8:39:26 PM - DEBUG - Getting recipes
1/19/2023, 8:39:34 PM - DEBUG - Getting recipes
1/19/2023, 8:39:36 PM - DEBUG - Getting recipes
1/19/2023, 8:39:38 PM - DEBUG - Getting recipes
1/19/2023, 8:39:39 PM - DEBUG - Getting recipes
1/19/2023, 8:39:51 PM - DEBUG - Getting recipes
1/19/2023, 8:39:53 PM - DEBUG - Getting recipes
1/19/2023, 8:39:56 PM - DEBUG - Getting recipes
1/19/2023, 8:39:58 PM - DEBUG - Getting recipes
1/19/2023, 8:40:10 PM - DEBUG - Getting recipes
1/19/2023, 8:40:12 PM - DEBUG - Getting recipes
1/19/2023, 8:40:13 PM - DEBUG - Getting recipes
1/19/2023, 8:41:37 PM - DEBUG - Getting recipes
1/19/2023, 8:42:00 PM - DEBUG - Getting recipes
1/19/2023, 8:42:01 PM - DEBUG - Getting recipes
1/19/2023, 8:42:10 PM - DEBUG - Getting recipes
1/19/2023, 8:42:24 PM - DEBUG - Getting recipes
1/19/2023, 8:42:25 PM - DEBUG - Getting recipes
1/19/2023, 8:42:33 PM - DEBUG - Getting recipes
1/19/2023, 8:42:35 PM - DEBUG - Getting recipes
1/19/2023, 8:42:36 PM - DEBUG - Getting recipes
1/19/2023, 8:43:02 PM - DEBUG - Getting recipes
1/19/2023, 8:43:04 PM - DEBUG - Getting recipes
1/19/2023, 8:43:07 PM - DEBUG - Getting recipes
1/19/2023, 8:43:09 PM - DEBUG - Getting recipes
1/19/2023, 8:43:14 PM - DEBUG - Getting recipes
1/19/2023, 8:43:16 PM - DEBUG - Getting recipes
1/19/2023, 8:43:18 PM - DEBUG - Getting recipes
1/19/2023, 8:43:20 PM - DEBUG - Getting recipes
1/19/2023, 8:43:20 PM - DEBUG - Getting recipes
1/19/2023, 8:43:35 PM - DEBUG - Getting recipes
1/19/2023, 8:43:36 PM - DEBUG - Getting recipes
1/19/2023, 8:43:37 PM - DEBUG - Getting recipes
1/19/2023, 8:44:24 PM - DEBUG - Getting recipes
1/19/2023, 8:44:28 PM - DEBUG - Getting recipes
1/19/2023, 8:44:28 PM - DEBUG - Getting recipes
1/19/2023, 8:44:38 PM - DEBUG - Getting recipes
1/19/2023, 8:46:21 PM - DEBUG - Getting recipes
1/19/2023, 8:46:22 PM - DEBUG - Getting recipes
1/19/2023, 8:46:22 PM - DEBUG - Getting recipes
1/19/2023, 8:47:07 PM - DEBUG - Getting recipes
1/19/2023, 8:47:08 PM - DEBUG - Getting recipes
1/19/2023, 8:47:09 PM - DEBUG - Getting recipes
1/19/2023, 8:47:46 PM - DEBUG - Getting recipes
1/19/2023, 8:47:48 PM - DEBUG - Getting recipes
1/19/2023, 8:47:49 PM - DEBUG - Getting recipes
1/19/2023, 8:47:55 PM - DEBUG - Getting recipes
1/19/2023, 8:48:00 PM - DEBUG - Getting recipes
1/19/2023, 8:48:01 PM - DEBUG - Getting recipes
1/19/2023, 8:48:32 PM - DEBUG - Getting recipes
1/19/2023, 8:48:52 PM - DEBUG - Getting recipes
1/19/2023, 8:48:54 PM - DEBUG - Getting recipes
1/19/2023, 8:48:55 PM - DEBUG - Getting recipes
1/19/2023, 8:52:01 PM - DEBUG - Getting recipes
1/19/2023, 8:52:02 PM - DEBUG - Getting recipes
1/19/2023, 8:52:03 PM - DEBUG - Getting recipes
1/19/2023, 8:52:26 PM - DEBUG - Getting recipes
1/19/2023, 8:52:28 PM - DEBUG - Getting recipes
1/19/2023, 8:52:29 PM - DEBUG - Getting recipes
1/19/2023, 8:52:33 PM - DEBUG - Getting recipes
1/19/2023, 8:52:34 PM - DEBUG - Getting recipes
1/19/2023, 8:53:06 PM - DEBUG - Getting recipes
1/19/2023, 8:53:07 PM - DEBUG - Getting recipes
1/19/2023, 8:53:08 PM - DEBUG - Getting recipes
1/19/2023, 8:54:09 PM - DEBUG - Getting recipes
1/19/2023, 8:54:20 PM - DEBUG - Getting recipes
1/19/2023, 8:54:23 PM - DEBUG - Getting recipes
1/19/2023, 8:54:40 PM - DEBUG - Getting recipes
1/19/2023, 8:54:54 PM - DEBUG - Getting recipes
1/19/2023, 8:54:55 PM - DEBUG - Getting recipes
1/19/2023, 8:54:56 PM - DEBUG - Getting recipes
1/19/2023, 8:55:28 PM - DEBUG - Getting recipes
1/19/2023, 8:55:43 PM - DEBUG - Getting recipes
1/19/2023, 8:55:44 PM - DEBUG - Getting recipes
1/19/2023, 8:55:45 PM - DEBUG - Getting recipes
1/19/2023, 8:56:12 PM - DEBUG - Getting recipes
1/19/2023, 8:56:18 PM - DEBUG - Getting recipes
1/19/2023, 8:56:28 PM - DEBUG - Getting recipes
1/19/2023, 8:56:30 PM - DEBUG - Getting recipes
1/19/2023, 8:56:32 PM - DEBUG - Getting recipes
1/19/2023, 8:56:33 PM - DEBUG - Getting recipes
1/19/2023, 8:56:35 PM - DEBUG - Getting recipes
1/19/2023, 8:56:44 PM - DEBUG - Getting recipes
1/19/2023, 8:58:17 PM - DEBUG - Getting recipes
1/19/2023, 8:58:18 PM - DEBUG - Getting recipes
1/19/2023, 8:58:48 PM - DEBUG - Getting recipes
1/19/2023, 8:58:49 PM - DEBUG - Getting recipes
1/19/2023, 8:58:53 PM - DEBUG - Getting recipes
1/19/2023, 8:59:11 PM - DEBUG - Getting recipes
1/19/2023, 8:59:12 PM - DEBUG - Getting recipes
1/19/2023, 8:59:12 PM - DEBUG - Getting recipes
1/19/2023, 8:59:38 PM - DEBUG - Getting recipes
1/19/2023, 8:59:39 PM - DEBUG - Getting recipes
1/19/2023, 8:59:39 PM - DEBUG - Getting recipes
1/19/2023, 9:00:41 PM - DEBUG - Getting recipes
1/19/2023, 9:00:43 PM - DEBUG - Getting recipes
1/19/2023, 9:00:44 PM - DEBUG - Getting recipes
1/19/2023, 9:01:09 PM - DEBUG - Getting recipes
1/19/2023, 9:02:38 PM - DEBUG - Getting recipes
1/19/2023, 9:02:59 PM - DEBUG - Getting recipes
1/19/2023, 9:03:00 PM - DEBUG - Getting recipes
1/19/2023, 9:03:08 PM - DEBUG - Getting recipes
1/19/2023, 9:03:09 PM - DEBUG - Getting recipes
1/19/2023, 9:03:16 PM - DEBUG - Getting recipes
1/19/2023, 9:03:21 PM - DEBUG - Getting recipes
1/19/2023, 9:03:22 PM - DEBUG - Getting recipes
1/19/2023, 9:03:23 PM - DEBUG - Getting recipes
1/19/2023, 9:03:30 PM - DEBUG - Getting recipes
1/19/2023, 9:03:31 PM - DEBUG - Getting recipes
1/19/2023, 9:03:32 PM - DEBUG - Getting recipes
1/19/2023, 9:03:47 PM - DEBUG - Getting recipes
1/19/2023, 9:03:56 PM - DEBUG - Getting recipes
1/19/2023, 9:04:24 PM - DEBUG - Getting recipes
1/19/2023, 9:04:25 PM - DEBUG - Getting recipes
1/19/2023, 9:04:26 PM - DEBUG - Getting recipes
1/19/2023, 9:04:37 PM - DEBUG - Getting recipes
1/19/2023, 9:05:06 PM - DEBUG - Getting recipes
1/19/2023, 9:05:15 PM - DEBUG - Getting recipes
1/19/2023, 9:05:18 PM - DEBUG - Getting recipes
1/19/2023, 9:05:19 PM - DEBUG - Getting recipes
1/19/2023, 9:06:22 PM - DEBUG - Getting recipes
1/19/2023, 9:06:26 PM - DEBUG - Getting recipes
1/19/2023, 9:06:27 PM - DEBUG - Getting recipes
1/19/2023, 9:06:34 PM - DEBUG - Getting recipes
1/19/2023, 9:07:49 PM - DEBUG - Getting recipes
1/19/2023, 9:07:50 PM - DEBUG - Getting recipes
1/19/2023, 9:08:05 PM - DEBUG - Getting recipes
1/19/2023, 9:08:31 PM - DEBUG - Getting recipes
1/19/2023, 9:08:32 PM - DEBUG - Getting recipes
1/19/2023, 9:08:34 PM - DEBUG - Getting recipes
1/19/2023, 9:09:57 PM - DEBUG - Getting recipes
1/19/2023, 9:09:59 PM - DEBUG - Getting recipes
1/19/2023, 9:10:00 PM - DEBUG - Getting recipes
1/19/2023, 9:10:05 PM - DEBUG - Getting recipes
1/19/2023, 9:10:07 PM - DEBUG - Getting recipes
1/19/2023, 9:10:08 PM - DEBUG - Getting recipes
1/19/2023, 9:10:15 PM - DEBUG - Getting recipes
1/19/2023, 9:10:20 PM - DEBUG - Getting recipes
1/19/2023, 9:10:23 PM - DEBUG - Getting recipes
1/19/2023, 9:10:37 PM - DEBUG - Getting recipes
1/19/2023, 9:10:42 PM - DEBUG - Getting recipes
1/19/2023, 9:15:41 PM - DEBUG - Getting recipes
1/20/2023, 10:49:07 AM - DEBUG - Getting recipes
1/20/2023, 10:49:11 AM - DEBUG - Getting recipes
1/20/2023, 10:49:14 AM - DEBUG - Getting recipes
1/20/2023, 10:49:18 AM - DEBUG - Getting recipes
1/20/2023, 10:49:19 AM - DEBUG - Getting recipes
1/20/2023, 10:49:26 AM - DEBUG - Getting recipes
1/20/2023, 10:50:21 AM - DEBUG - Getting recipes
1/20/2023, 10:56:12 AM - DEBUG - Getting recipes
1/20/2023, 10:56:14 AM - DEBUG - Getting recipes
1/20/2023, 10:59:24 AM - DEBUG - Getting recipes
1/20/2023, 11:01:22 AM - DEBUG - Getting products
1/20/2023, 11:01:26 AM - DEBUG - Getting recipes
1/20/2023, 11:01:28 AM - DEBUG - Getting products
1/20/2023, 11:01:52 AM - DEBUG - Getting products
1/20/2023, 11:02:18 AM - DEBUG - Getting products
1/20/2023, 11:02:21 AM - DEBUG - Getting recipes
1/20/2023, 11:02:22 AM - DEBUG - Getting products
1/20/2023, 11:03:09 AM - DEBUG - Getting products
1/20/2023, 11:03:13 AM - DEBUG - Getting products
1/20/2023, 11:03:22 AM - DEBUG - Getting products
1/20/2023, 11:03:28 AM - DEBUG - Getting products
1/20/2023, 11:03:32 AM - DEBUG - Getting products
1/20/2023, 11:03:39 AM - DEBUG - Getting products
1/20/2023, 11:03:44 AM - DEBUG - Getting products
1/20/2023, 11:03:53 AM - DEBUG - Getting products
1/20/2023, 11:03:55 AM - DEBUG - Getting products
1/20/2023, 11:04:04 AM - DEBUG - Getting products
1/20/2023, 11:04:08 AM - DEBUG - Getting products
1/20/2023, 11:05:08 AM - DEBUG - Getting recipes
1/20/2023, 11:07:30 AM - DEBUG - Getting products
1/20/2023, 11:07:54 AM - DEBUG - Getting products
1/20/2023, 11:07:57 AM - DEBUG - Getting recipes
1/20/2023, 11:07:59 AM - DEBUG - Getting recipes
1/20/2023, 11:08:00 AM - DEBUG - Getting products
1/20/2023, 11:08:12 AM - DEBUG - Getting products
1/20/2023, 11:08:31 AM - DEBUG - Getting products
1/20/2023, 11:11:08 AM - DEBUG - Getting recipes
1/20/2023, 11:12:00 AM - DEBUG - Getting recipes
1/20/2023, 11:12:01 AM - DEBUG - Getting products
1/20/2023, 11:13:00 AM - DEBUG - Getting products
1/20/2023, 11:13:10 AM - DEBUG - Getting products
1/20/2023, 11:13:13 AM - DEBUG - Getting products
1/20/2023, 11:13:24 AM - DEBUG - Getting recipes
1/20/2023, 11:15:05 AM - DEBUG - Getting products
1/20/2023, 11:15:24 AM - DEBUG - Getting products
1/20/2023, 11:15:26 AM - DEBUG - Getting products
1/20/2023, 11:15:26 AM - DEBUG - Getting products
1/20/2023, 11:15:41 AM - DEBUG - Getting products
1/20/2023, 11:15:42 AM - DEBUG - Getting recipes
1/20/2023, 11:15:43 AM - DEBUG - Getting recipes
1/20/2023, 11:15:44 AM - DEBUG - Getting products
1/20/2023, 11:15:44 AM - DEBUG - Getting products
1/20/2023, 11:16:22 AM - DEBUG - Getting products
1/20/2023, 11:16:28 AM - DEBUG - Getting products
1/20/2023, 11:16:28 AM - DEBUG - Getting products
1/20/2023, 11:16:49 AM - DEBUG - Getting products
1/20/2023, 11:17:10 AM - DEBUG - Getting recipes
1/20/2023, 11:17:12 AM - DEBUG - Getting recipes
1/20/2023, 11:17:14 AM - DEBUG - Getting recipes
1/20/2023, 11:17:15 AM - DEBUG - Getting recipes
1/20/2023, 11:17:37 AM - DEBUG - Getting recipes
1/20/2023, 11:17:39 AM - DEBUG - Getting recipes
1/20/2023, 11:17:44 AM - DEBUG - Getting recipes
1/20/2023, 11:17:46 AM - DEBUG - Getting recipes
1/20/2023, 11:17:50 AM - DEBUG - Getting recipes
1/20/2023, 11:19:50 AM - DEBUG - Getting recipes
1/20/2023, 11:19:56 AM - DEBUG - Getting recipes
1/20/2023, 11:20:21 AM - DEBUG - Getting recipes
1/20/2023, 11:20:24 AM - DEBUG - Getting recipes
1/20/2023, 11:20:25 AM - DEBUG - Getting recipes
1/20/2023, 11:20:26 AM - DEBUG - Getting recipes
1/20/2023, 11:20:33 AM - DEBUG - Getting recipes
1/22/2023, 1:18:17 PM - DEBUG - Getting recipes
1/22/2023, 1:20:23 PM - DEBUG - Getting recipes
1/22/2023, 1:20:25 PM - DEBUG - Getting recipes
1/22/2023, 1:20:29 PM - DEBUG - Getting products
1/22/2023, 1:20:29 PM - DEBUG - Getting products
1/22/2023, 1:20:47 PM - DEBUG - Getting recipes
1/22/2023, 1:20:48 PM - DEBUG - Getting recipes
1/22/2023, 1:20:50 PM - DEBUG - Getting recipes
1/22/2023, 1:20:51 PM - DEBUG - Getting recipes
1/22/2023, 1:21:03 PM - DEBUG - Getting recipes
1/22/2023, 1:21:57 PM - DEBUG - Getting recipes
1/22/2023, 1:24:09 PM - DEBUG - Getting recipes
1/22/2023, 1:24:11 PM - DEBUG - Getting recipes
1/22/2023, 1:24:27 PM - DEBUG - Getting recipes
1/22/2023, 1:26:39 PM - DEBUG - Getting recipes
1/22/2023, 1:26:42 PM - DEBUG - Getting recipes
1/22/2023, 1:26:47 PM - DEBUG - Getting recipes
1/22/2023, 1:27:04 PM - DEBUG - Getting products
1/22/2023, 1:27:04 PM - DEBUG - Getting products
1/22/2023, 1:27:15 PM - DEBUG - Getting recipes
1/22/2023, 1:27:33 PM - DEBUG - Getting products
1/22/2023, 1:27:33 PM - DEBUG - Getting products
1/22/2023, 1:28:06 PM - DEBUG - Getting products
1/22/2023, 1:28:13 PM - DEBUG - Getting products
1/22/2023, 1:28:14 PM - DEBUG - Getting products
1/22/2023, 1:28:18 PM - DEBUG - Getting products
1/22/2023, 1:28:18 PM - DEBUG - Getting products
1/22/2023, 1:28:34 PM - DEBUG - Getting products
1/22/2023, 1:28:40 PM - DEBUG - Getting products
1/22/2023, 1:28:40 PM - DEBUG - Getting products
1/22/2023, 1:29:54 PM - DEBUG - Getting products
1/22/2023, 1:29:55 PM - DEBUG - Getting products
1/22/2023, 1:29:56 PM - DEBUG - Getting recipes
1/22/2023, 1:29:59 PM - DEBUG - Getting products
1/22/2023, 1:30:09 PM - DEBUG - Getting products
1/22/2023, 1:30:12 PM - DEBUG - Getting recipes
1/22/2023, 1:30:13 PM - DEBUG - Getting products
1/22/2023, 1:30:20 PM - DEBUG - Getting recipes
1/22/2023, 1:30:44 PM - DEBUG - Getting products
1/22/2023, 1:30:46 PM - DEBUG - Getting recipes
1/22/2023, 1:30:47 PM - DEBUG - Getting products
1/22/2023, 1:32:14 PM - DEBUG - Getting products
1/22/2023, 1:32:18 PM - DEBUG - Getting recipes
1/22/2023, 1:32:18 PM - DEBUG - Getting products
1/22/2023, 1:32:35 PM - DEBUG - Getting recipes
1/22/2023, 1:35:01 PM - DEBUG - Getting products
1/22/2023, 1:35:07 PM - DEBUG - Getting recipes
1/22/2023, 1:35:07 PM - DEBUG - Getting recipes
1/22/2023, 1:35:12 PM - DEBUG - Getting recipes
1/22/2023, 1:35:18 PM - DEBUG - Getting recipes
1/22/2023, 1:35:21 PM - DEBUG - Getting recipes
1/22/2023, 1:35:22 PM - DEBUG - Getting recipes
1/22/2023, 1:35:25 PM - DEBUG - Getting recipes
1/22/2023, 1:35:42 PM - DEBUG - Getting recipes
1/22/2023, 1:35:42 PM - DEBUG - Getting products
1/22/2023, 1:36:10 PM - DEBUG - Getting products
1/22/2023, 1:36:53 PM - DEBUG - Getting products
1/22/2023, 1:38:50 PM - DEBUG - Getting products
1/22/2023, 1:38:57 PM - DEBUG - Getting products
1/22/2023, 1:39:54 PM - DEBUG - Getting products
1/22/2023, 1:39:54 PM - DEBUG - Getting products
1/22/2023, 1:40:14 PM - DEBUG - Getting products
1/22/2023, 1:40:16 PM - DEBUG - Getting products
1/22/2023, 1:40:19 PM - DEBUG - Getting products
1/22/2023, 1:56:02 PM - DEBUG - Getting recipes
1/22/2023, 1:56:07 PM - DEBUG - Getting products
1/22/2023, 1:56:07 PM - DEBUG - Getting products
1/22/2023, 1:56:14 PM - DEBUG - Getting recipes
1/22/2023, 1:57:33 PM - DEBUG - Getting recipes
1/22/2023, 1:57:33 PM - DEBUG - Getting products
1/22/2023, 1:57:33 PM - DEBUG - Getting products
1/22/2023, 1:57:37 PM - DEBUG - Getting recipes
1/22/2023, 1:57:38 PM - DEBUG - Getting products
1/22/2023, 1:57:38 PM - DEBUG - Getting products
1/22/2023, 1:57:50 PM - DEBUG - Getting products
1/22/2023, 1:57:52 PM - DEBUG - Getting products
1/22/2023, 1:58:01 PM - DEBUG - Getting recipes
1/22/2023, 1:58:10 PM - DEBUG - Getting products
1/22/2023, 1:58:15 PM - DEBUG - Getting products
1/22/2023, 1:58:54 PM - DEBUG - Getting products
1/22/2023, 1:59:03 PM - DEBUG - Getting products
1/22/2023, 1:59:09 PM - DEBUG - Getting products
1/22/2023, 2:00:11 PM - DEBUG - Getting products
1/22/2023, 2:00:44 PM - DEBUG - Getting products
1/22/2023, 2:01:00 PM - DEBUG - Getting recipes
1/22/2023, 2:01:01 PM - DEBUG - Getting products
1/22/2023, 2:01:09 PM - DEBUG - Getting recipes
1/22/2023, 2:03:51 PM - DEBUG - Getting recipes
1/22/2023, 2:04:00 PM - DEBUG - Getting recipes
1/22/2023, 2:04:09 PM - DEBUG - Getting recipes
1/22/2023, 2:04:24 PM - DEBUG - Getting recipes
1/22/2023, 2:04:25 PM - DEBUG - Getting products
1/22/2023, 2:05:01 PM - DEBUG - Getting products
1/22/2023, 2:05:09 PM - DEBUG - Getting products
1/22/2023, 2:05:21 PM - DEBUG - Getting recipes
1/22/2023, 2:05:23 PM - DEBUG - Getting recipes
1/22/2023, 2:05:24 PM - DEBUG - Getting products
1/22/2023, 2:05:49 PM - DEBUG - Getting products
1/22/2023, 2:05:53 PM - DEBUG - Getting recipes
1/22/2023, 2:05:54 PM - DEBUG - Getting recipes
1/22/2023, 2:05:55 PM - DEBUG - Getting products
1/22/2023, 2:06:04 PM - DEBUG - Getting recipes
1/22/2023, 2:06:06 PM - DEBUG - Getting products
1/22/2023, 2:06:26 PM - DEBUG - Getting products
1/22/2023, 2:06:29 PM - DEBUG - Getting products
1/22/2023, 2:06:33 PM - DEBUG - Getting products
1/22/2023, 2:06:35 PM - DEBUG - Getting products
1/22/2023, 2:06:42 PM - DEBUG - Getting products
1/22/2023, 2:07:38 PM - DEBUG - Getting products
1/22/2023, 2:07:41 PM - DEBUG - Getting products
1/22/2023, 2:07:45 PM - DEBUG - Getting products
1/22/2023, 2:07:46 PM - DEBUG - Getting products
1/22/2023, 2:07:47 PM - DEBUG - Getting products
1/22/2023, 2:07:57 PM - DEBUG - Getting recipes
1/22/2023, 2:08:06 PM - DEBUG - Getting products
1/22/2023, 2:08:10 PM - DEBUG - Getting recipes
1/22/2023, 2:08:23 PM - DEBUG - Getting recipes
1/22/2023, 2:09:13 PM - DEBUG - Getting recipes
1/22/2023, 2:10:43 PM - DEBUG - Getting products
1/22/2023, 2:21:35 PM - DEBUG - Getting recipes
1/22/2023, 2:21:36 PM - DEBUG - Getting recipes
1/22/2023, 2:21:36 PM - DEBUG - Getting products
1/22/2023, 2:21:37 PM - DEBUG - Getting recipes
1/22/2023, 3:32:38 PM - DEBUG - Getting recipes
1/22/2023, 3:35:44 PM - DEBUG - Getting recipes
1/22/2023, 3:57:59 PM - DEBUG - Getting recipes
1/22/2023, 4:00:39 PM - DEBUG - Getting recipes
1/22/2023, 4:00:40 PM - DEBUG - Getting recipes
1/22/2023, 4:01:08 PM - DEBUG - Getting recipes
1/22/2023, 4:02:31 PM - DEBUG - Getting recipes
1/22/2023, 4:03:10 PM - DEBUG - Getting recipes
1/22/2023, 4:06:32 PM - DEBUG - Getting recipes
1/22/2023, 4:06:51 PM - DEBUG - Getting recipes
1/22/2023, 4:07:56 PM - DEBUG - Getting recipes
1/22/2023, 4:09:08 PM - DEBUG - Getting recipes
1/22/2023, 4:10:58 PM - DEBUG - Getting recipes
1/22/2023, 4:13:35 PM - DEBUG - Getting recipes
1/22/2023, 4:13:36 PM - DEBUG - Getting products
1/22/2023, 4:17:31 PM - DEBUG - Getting products
1/22/2023, 4:17:34 PM - DEBUG - Getting recipes
1/22/2023, 4:17:38 PM - DEBUG - Getting recipes
1/22/2023, 4:17:47 PM - DEBUG - Getting products
1/22/2023, 4:17:48 PM - DEBUG - Getting recipes
1/22/2023, 4:17:51 PM - DEBUG - Getting recipes
1/22/2023, 4:18:22 PM - DEBUG - Getting recipes
1/22/2023, 4:18:23 PM - DEBUG - Getting recipes
1/22/2023, 4:18:25 PM - DEBUG - Getting recipes
1/22/2023, 4:18:49 PM - DEBUG - Getting recipes
1/22/2023, 4:18:51 PM - DEBUG - Getting recipes
1/22/2023, 4:18:52 PM - DEBUG - Getting recipes
1/22/2023, 4:19:35 PM - DEBUG - Getting recipes
1/22/2023, 4:19:35 PM - DEBUG - Getting products
1/22/2023, 4:19:47 PM - DEBUG - Getting recipes
1/22/2023, 4:19:56 PM - DEBUG - Getting recipes
1/22/2023, 4:19:57 PM - DEBUG - Getting recipes
1/22/2023, 4:19:58 PM - DEBUG - Getting recipes
1/22/2023, 4:19:59 PM - DEBUG - Getting recipes
1/22/2023, 4:20:02 PM - DEBUG - Getting recipes
1/22/2023, 4:20:15 PM - DEBUG - Getting recipes
1/22/2023, 4:20:18 PM - DEBUG - Getting recipes
1/22/2023, 4:20:18 PM - DEBUG - Getting recipes
1/22/2023, 4:20:23 PM - DEBUG - Getting recipes
1/22/2023, 4:21:26 PM - DEBUG - Getting products
1/22/2023, 5:12:55 PM - DEBUG - Getting recipes
1/22/2023, 5:13:00 PM - DEBUG - Getting recipes
1/22/2023, 5:13:00 PM - DEBUG - Getting recipes
1/22/2023, 5:13:02 PM - DEBUG - Getting recipes
1/22/2023, 5:13:03 PM - DEBUG - Getting recipes
1/22/2023, 5:13:06 PM - DEBUG - Getting recipes
1/22/2023, 5:13:07 PM - DEBUG - Getting products
1/22/2023, 5:13:14 PM - DEBUG - Getting recipes
1/22/2023, 5:13:17 PM - DEBUG - Getting products
1/22/2023, 5:14:20 PM - DEBUG - Getting recipes
